[2024-02-14 09:47:26,191: INFO: main: welcome to our logs]
[2024-02-14 15:41:43,644: INFO: main: >>>>>> stage Data Ingestion stage started <<<<<<]
[2024-02-14 15:41:43,645: INFO: common: yaml file: config\config.yaml loaded successfully]
[2024-02-14 15:41:43,646: INFO: common: yaml file: params.yaml loaded successfully]
[2024-02-14 15:41:43,647: INFO: common: created directory at: artifacts]
[2024-02-14 15:41:43,648: INFO: common: created directory at: artifacts/data_ingestion]
[2024-02-14 15:41:43,649: INFO: data_ingestion: Downloading data from https://drive.google.com/file/d/1vlhZ5c7abUKF8xXERIw6m9Te8fW7ohw3/view?usp=sharing into file artifacts/data_ingestion/data.zip]
[2024-02-14 15:44:47,438: INFO: data_ingestion: Downloaded data from https://drive.google.com/file/d/1vlhZ5c7abUKF8xXERIw6m9Te8fW7ohw3/view?usp=sharing into file artifacts/data_ingestion/data.zip]
[2024-02-14 15:44:48,154: INFO: main: >>>>>> stage Data Ingestion stage completed <<<<<<

x==========x]
[2024-02-19 15:18:21,202: INFO: common: yaml file: config\config.yaml loaded successfully]
[2024-02-19 15:18:21,222: INFO: common: yaml file: params.yaml loaded successfully]
[2024-02-19 15:18:21,225: INFO: common: created directory at: artifacts]
[2024-02-19 15:18:21,228: INFO: common: created directory at: artifacts/prepare_base_model]
[2024-02-19 15:18:37,173: WARNING: saving_utils: Compiled the loaded model, but the compiled metrics have yet to be built. `model.compile_metrics` will be empty until you train or evaluate the model.]
[2024-02-19 15:31:31,799: INFO: main: >>>>>> stage Data Ingestion stage started <<<<<<]
[2024-02-19 15:31:31,803: INFO: common: yaml file: config\config.yaml loaded successfully]
[2024-02-19 15:31:31,806: INFO: common: yaml file: params.yaml loaded successfully]
[2024-02-19 15:31:31,808: INFO: common: created directory at: artifacts]
[2024-02-19 15:31:31,811: INFO: common: created directory at: artifacts/data_ingestion]
[2024-02-19 15:31:31,814: INFO: data_ingestion: Downloading data from https://drive.google.com/file/d/1vlhZ5c7abUKF8xXERIw6m9Te8fW7ohw3/view?usp=sharing into file artifacts/data_ingestion/data.zip]
[2024-02-19 15:31:46,220: INFO: data_ingestion: Downloaded data from https://drive.google.com/file/d/1vlhZ5c7abUKF8xXERIw6m9Te8fW7ohw3/view?usp=sharing into file artifacts/data_ingestion/data.zip]
[2024-02-19 15:31:47,789: INFO: main: >>>>>> stage Data Ingestion stage completed <<<<<<

x==========x]
[2024-02-19 15:31:47,790: INFO: main: *******************]
[2024-02-19 15:31:47,791: INFO: main: >>>>>> stage Prepare base model started <<<<<<]
[2024-02-19 15:31:47,794: INFO: common: yaml file: config\config.yaml loaded successfully]
[2024-02-19 15:31:47,797: INFO: common: yaml file: params.yaml loaded successfully]
[2024-02-19 15:31:47,799: INFO: common: created directory at: artifacts]
[2024-02-19 15:31:47,801: INFO: common: created directory at: artifacts/prepare_base_model]
[2024-02-19 15:31:48,465: WARNING: saving_utils: Compiled the loaded model, but the compiled metrics have yet to be built. `model.compile_metrics` will be empty until you train or evaluate the model.]
[2024-02-19 15:31:49,104: INFO: main: >>>>>> stage Prepare base model completed <<<<<<

x==========x]
